2021-01-25 14:39:43 - PHP Warning:  mysqli::__construct(): (HY000/1049): Unknown database 'rexcustomtailor' in C:\xampp\htdocs\rex\system\library\db\mysqli.php on line 7
2021-01-25 14:39:43 - PHP Warning:  DB\MySQLi::__construct(): Couldn't fetch mysqli in C:\xampp\htdocs\rex\system\library\db\mysqli.php on line 10
2021-01-25 14:39:43 - PHP Warning:  DB\MySQLi::__construct(): Couldn't fetch mysqli in C:\xampp\htdocs\rex\system\library\db\mysqli.php on line 10
2021-01-25 14:39:43 - PHP Notice:  Undefined variable: mysql in C:\xampp\htdocs\rex\install\controller\install\step_3.php on line 280
2021-01-25 14:39:43 - PHP Notice:  Trying to get property 'connect_error' of non-object in C:\xampp\htdocs\rex\install\controller\install\step_3.php on line 280
2021-01-25 14:56:07 - PHP Notice:  Undefined variable: measurement in C:\xampp\htdocs\rex\admin\controller\common\column_left.php on line 35
2021-01-25 14:58:03 - PHP Notice:  Undefined variable: measurement in C:\xampp\htdocs\rex\admin\controller\common\column_left.php on line 35
2021-01-25 14:58:08 - PHP Notice:  Undefined variable: measurement in C:\xampp\htdocs\rex\admin\controller\common\column_left.php on line 35
2021-01-25 14:58:20 - PHP Notice:  Undefined variable: measurement in C:\xampp\htdocs\rex\admin\controller\common\column_left.php on line 35
2021-01-25 14:58:22 - PHP Notice:  Undefined variable: measurement in C:\xampp\htdocs\rex\admin\controller\common\column_left.php on line 35
2021-01-25 15:08:32 - PHP Warning:  Invalid argument supplied for foreach() in C:\xampp\htdocs\rex\admin\controller\measurement\measurement.php on line 184
2021-01-25 15:08:49 - PHP Warning:  Invalid argument supplied for foreach() in C:\xampp\htdocs\rex\admin\controller\measurement\measurement.php on line 184
2021-01-25 15:09:49 - PHP Warning:  Invalid argument supplied for foreach() in C:\xampp\htdocs\rex\admin\controller\measurement\measurement.php on line 184
2021-01-25 15:10:23 - PHP Warning:  Invalid argument supplied for foreach() in C:\xampp\htdocs\rex\admin\controller\measurement\measurement.php on line 184
2021-01-25 15:10:26 - PHP Warning:  Invalid argument supplied for foreach() in C:\xampp\htdocs\rex\admin\controller\measurement\measurement.php on line 184
2021-01-25 15:10:40 - PHP Warning:  Invalid argument supplied for foreach() in C:\xampp\htdocs\rex\admin\controller\measurement\measurement.php on line 184
2021-01-25 15:11:05 - PHP Warning:  Invalid argument supplied for foreach() in C:\xampp\htdocs\rex\admin\controller\measurement\measurement.php on line 184
2021-01-25 15:11:05 - PHP Notice:  Undefined variable: measurement in C:\xampp\htdocs\rex\admin\controller\common\column_left.php on line 49
2021-01-25 15:11:14 - PHP Notice:  Undefined variable: measurement in C:\xampp\htdocs\rex\admin\controller\common\column_left.php on line 49
2021-01-25 15:12:27 - PHP Warning:  Invalid argument supplied for foreach() in C:\xampp\htdocs\rex\admin\controller\measurement\measurement.php on line 184
2021-01-25 15:12:53 - PHP Warning:  Invalid argument supplied for foreach() in C:\xampp\htdocs\rex\admin\controller\measurement\measurement.php on line 184
2021-01-25 15:12:56 - PHP Warning:  Invalid argument supplied for foreach() in C:\xampp\htdocs\rex\admin\controller\measurement\measurement.php on line 184
2021-01-25 15:21:31 - PHP Warning:  Invalid argument supplied for foreach() in C:\xampp\htdocs\rex\admin\controller\measurement\pants.php on line 184
2021-01-25 15:21:38 - PHP Warning:  Invalid argument supplied for foreach() in C:\xampp\htdocs\rex\admin\controller\measurement\measurement.php on line 184
2021-01-25 15:23:14 - PHP Warning:  Invalid argument supplied for foreach() in C:\xampp\htdocs\rex\admin\controller\measurement\measurement.php on line 184
2021-01-25 15:23:15 - PHP Warning:  Invalid argument supplied for foreach() in C:\xampp\htdocs\rex\admin\controller\measurement\measurement.php on line 184
2021-01-25 15:23:18 - PHP Warning:  Invalid argument supplied for foreach() in C:\xampp\htdocs\rex\admin\controller\measurement\pants.php on line 184
2021-01-25 15:23:23 - PHP Warning:  Invalid argument supplied for foreach() in C:\xampp\htdocs\rex\admin\controller\measurement\measurement.php on line 184
2021-01-25 15:23:24 - PHP Warning:  Invalid argument supplied for foreach() in C:\xampp\htdocs\rex\admin\controller\measurement\pants.php on line 184
2021-01-25 15:23:35 - PHP Warning:  Invalid argument supplied for foreach() in C:\xampp\htdocs\rex\admin\controller\measurement\measurement.php on line 184
2021-01-25 15:23:40 - PHP Warning:  Invalid argument supplied for foreach() in C:\xampp\htdocs\rex\admin\controller\measurement\pants.php on line 184
2021-01-25 15:24:05 - PHP Warning:  Invalid argument supplied for foreach() in C:\xampp\htdocs\rex\admin\controller\measurement\pants.php on line 184
2021-01-25 15:24:06 - PHP Warning:  Invalid argument supplied for foreach() in C:\xampp\htdocs\rex\admin\controller\measurement\pants.php on line 184
2021-01-25 15:24:34 - PHP Warning:  Invalid argument supplied for foreach() in C:\xampp\htdocs\rex\admin\controller\measurement\pants.php on line 184
2021-01-25 15:24:46 - PHP Warning:  Invalid argument supplied for foreach() in C:\xampp\htdocs\rex\admin\controller\measurement\pants.php on line 184
2021-01-25 15:24:55 - PHP Warning:  Invalid argument supplied for foreach() in C:\xampp\htdocs\rex\admin\controller\measurement\measurement.php on line 184
2021-01-25 15:25:00 - PHP Warning:  Invalid argument supplied for foreach() in C:\xampp\htdocs\rex\admin\controller\measurement\pants.php on line 184
2021-01-25 15:25:06 - PHP Warning:  Invalid argument supplied for foreach() in C:\xampp\htdocs\rex\admin\controller\measurement\measurement.php on line 184
2021-01-25 15:29:58 - PHP Warning:  Invalid argument supplied for foreach() in C:\xampp\htdocs\rex\admin\controller\measurement\measurement.php on line 184
2021-01-25 15:29:59 - PHP Warning:  Invalid argument supplied for foreach() in C:\xampp\htdocs\rex\admin\controller\measurement\measurement.php on line 184
2021-01-25 15:30:23 - PHP Warning:  Invalid argument supplied for foreach() in C:\xampp\htdocs\rex\admin\controller\measurement\measurement.php on line 184
2021-01-25 15:31:15 - PHP Warning:  Invalid argument supplied for foreach() in C:\xampp\htdocs\rex\admin\controller\measurement\measurement.php on line 184
2021-01-25 15:31:43 - PHP Warning:  Invalid argument supplied for foreach() in C:\xampp\htdocs\rex\admin\controller\measurement\measurement.php on line 184
2021-01-25 15:32:22 - PHP Warning:  Invalid argument supplied for foreach() in C:\xampp\htdocs\rex\admin\controller\measurement\measurement.php on line 184
2021-01-25 15:32:28 - PHP Warning:  Invalid argument supplied for foreach() in C:\xampp\htdocs\rex\admin\controller\measurement\pants.php on line 184
2021-01-25 15:32:29 - PHP Warning:  Invalid argument supplied for foreach() in C:\xampp\htdocs\rex\admin\controller\measurement\measurement.php on line 184
2021-01-25 15:45:28 - PHP Warning:  Invalid argument supplied for foreach() in C:\xampp\htdocs\rex\admin\controller\measurement\pants.php on line 184
2021-01-25 15:54:36 - PHP Notice:  Undefined variable: ameasurement_id in C:\xampp\htdocs\rex\admin\controller\measurement\measurement.php on line 93
2021-01-25 16:00:49 - PHP Warning:  Invalid argument supplied for foreach() in C:\xampp\htdocs\rex\admin\controller\measurement\pants.php on line 184
2021-01-25 16:02:09 - PHP Warning:  Invalid argument supplied for foreach() in C:\xampp\htdocs\rex\admin\controller\measurement\pants.php on line 184
2021-01-25 16:02:13 - PHP Warning:  Invalid argument supplied for foreach() in C:\xampp\htdocs\rex\admin\controller\measurement\pants.php on line 184
2021-01-25 16:16:16 - PHP Warning:  Invalid argument supplied for foreach() in C:\xampp\htdocs\rex\admin\controller\measurement\pants.php on line 184
2021-01-25 16:18:17 - PHP Warning:  Invalid argument supplied for foreach() in C:\xampp\htdocs\rex\admin\controller\measurement\pants.php on line 184
2021-01-25 16:18:32 - PHP Warning:  Invalid argument supplied for foreach() in C:\xampp\htdocs\rex\admin\controller\measurement\pants.php on line 184
2021-01-25 16:19:47 - PHP Warning:  Invalid argument supplied for foreach() in C:\xampp\htdocs\rex\admin\controller\measurement\pants.php on line 184
2021-01-25 16:19:57 - PHP Warning:  Invalid argument supplied for foreach() in C:\xampp\htdocs\rex\admin\controller\measurement\pants.php on line 184
2021-01-25 16:19:58 - PHP Warning:  Invalid argument supplied for foreach() in C:\xampp\htdocs\rex\admin\controller\measurement\pants.php on line 184
2021-01-25 16:25:01 - PHP Warning:  Invalid argument supplied for foreach() in C:\xampp\htdocs\rex\admin\controller\measurement\pants.php on line 184
2021-01-25 16:33:35 - PHP Notice:  Undefined index: name in C:\xampp\htdocs\rex\admin\controller\measurement\pants.php on line 406
2021-01-25 16:33:35 - PHP Notice:  Undefined index: username in C:\xampp\htdocs\rex\admin\controller\measurement\pants.php on line 410
2021-01-25 16:33:35 - PHP Notice:  Undefined index: password in C:\xampp\htdocs\rex\admin\controller\measurement\pants.php on line 414
2021-01-26 13:43:22 - PHP Warning:  Invalid argument supplied for foreach() in C:\xampp\htdocs\rex\system\engine\loader.php on line 83
